C:\Program Files (x86)\Microsoft Visual Studio\2017\Community\Common7\IDE\VC\VCTargets\Microsoft.CppBuild.targets(391,5): warning MSB8028: 中间目录(x64\Debug\)包含从另一个项目(Project1.vcxproj)共享的文件。   这会导致错误的清除和重新生成行为。
  main.cpp
c:\users\fine\desktop\数据库\sheji\project1\mysql_link.h(94): warning C4244: “初始化”: 从“my_ulonglong”转换到“int”，可能丢失数据
c:\users\fine\desktop\数据库\sheji\project1\mysql_link.h(110): warning C4018: “<”: 有符号/无符号不匹配
c:\users\fine\desktop\数据库\sheji\project1\caidan.h(140): warning C4018: “<”: 有符号/无符号不匹配
c:\users\fine\desktop\数据库\sheji\project1\caidan.h(172): warning C4018: “<”: 有符号/无符号不匹配
c:\users\fine\desktop\数据库\sheji\project1\caidan.h(210): warning C4244: “初始化”: 从“my_ulonglong”转换到“int”，可能丢失数据
c:\users\fine\desktop\数据库\sheji\project1\caidan.h(226): warning C4018: “<”: 有符号/无符号不匹配
c:\users\fine\desktop\数据库\sheji\project1\caidan.h(269): warning C4244: “初始化”: 从“my_ulonglong”转换到“int”，可能丢失数据
c:\users\fine\desktop\数据库\sheji\project1\caidan.h(286): warning C4018: “<”: 有符号/无符号不匹配
c:\users\fine\desktop\数据库\sheji\project1\caidan.h(350): warning C4244: “初始化”: 从“my_ulonglong”转换到“int”，可能丢失数据
c:\users\fine\desktop\数据库\sheji\project1\caidan.h(366): warning C4018: “<”: 有符号/无符号不匹配
c:\users\fine\desktop\数据库\sheji\project1\caidan.h(340): warning C4101: “a”: 未引用的局部变量
c:\users\fine\desktop\数据库\sheji\project1\caidan.h(421): warning C4018: “<”: 有符号/无符号不匹配
c:\users\fine\desktop\数据库\sheji\project1\caidan.h(455): warning C4018: “<”: 有符号/无符号不匹配
c:\users\fine\desktop\数据库\sheji\project1\caidan.h(480): warning C4244: “初始化”: 从“my_ulonglong”转换到“int”，可能丢失数据
c:\users\fine\desktop\数据库\sheji\project1\caidan.h(496): warning C4018: “<”: 有符号/无符号不匹配
c:\users\fine\desktop\数据库\sheji\project1\caidan.h(521): warning C4244: “初始化”: 从“my_ulonglong”转换到“int”，可能丢失数据
c:\users\fine\desktop\数据库\sheji\project1\caidan.h(537): warning C4018: “<”: 有符号/无符号不匹配
c:\users\fine\desktop\数据库\sheji\project1\caidan.h(511): warning C4101: “a”: 未引用的局部变量
c:\users\fine\desktop\数据库\sheji\project1\caidan.h(574): warning C4244: “初始化”: 从“my_ulonglong”转换到“int”，可能丢失数据
c:\users\fine\desktop\数据库\sheji\project1\caidan.h(590): warning C4018: “<”: 有符号/无符号不匹配
c:\users\fine\desktop\数据库\sheji\project1\caidan.h(632): warning C4244: “初始化”: 从“my_ulonglong”转换到“int”，可能丢失数据
c:\users\fine\desktop\数据库\sheji\project1\caidan.h(649): warning C4018: “<”: 有符号/无符号不匹配
c:\users\fine\desktop\数据库\sheji\project1\caidan.h(187): warning C4717: “chazhi1”: 如递归所有控件路径，函数将导致运行时堆栈溢出
c:\users\fine\desktop\数据库\sheji\project1\caidan.h(240): warning C4717: “chabu1”: 如递归所有控件路径，函数将导致运行时堆栈溢出
c:\users\fine\desktop\数据库\sheji\project1\caidan.h(604): warning C4717: “chabu”: 如递归所有控件路径，函数将导致运行时堆栈溢出
  Project1.vcxproj -> C:\Users\Fine\Desktop\数据库\sheji\x64\Debug\Project0.exe
